E:\C++\VISUAL STUDIO\EX3\EX3-1\EX3-1\DEBUG\CALCULATOR.OBJ
E:\C++\VISUAL STUDIO\EX3\EX3-1\EX3-1\DEBUG\MAIN.OBJ
E:\C++\VISUAL STUDIO\EX3\EX3-1\EX3-1\DEBUG\TESTER.OBJ
E:\C++\VISUAL STUDIO\EX3\EX3-1\EX3-1\DEBUG\COMPLEX.OBJ
E:\C++\VISUAL STUDIO\EX3\EX3-1\EX3-1\DEBUG\VC110.PDB
E:\C++\Visual Studio\Ex3\Ex3-1\Ex3-1\Debug\Main.obj
E:\C++\Visual Studio\Ex3\Ex3-1\Ex3-1\Debug\Tester.obj
E:\C++\Visual Studio\Ex3\Ex3-1\Ex3-1\Debug\Complex.obj
E:\C++\Visual Studio\Ex3\Ex3-1\Ex3-1\Debug\Calculator.obj
E:\C++\Visual Studio\Ex3\Ex3-1\Ex3-1\Debug\link.184-rc.read.1.tlog
E:\C++\Visual Studio\Ex3\Ex3-1\Ex3-1\Debug\link-rc.write.1.tlog
E:\C++\Visual Studio\Ex3\Ex3-1\Ex3-1\Debug\link.3160-rc.read.1.tlog
E:\C++\Visual Studio\Ex3\Ex3-1\Ex3-1\Debug\link.2440-cvtres.read.1.tlog
E:\C++\Visual Studio\Ex3\Ex3-1\Ex3-1\Debug\link.3944-rc.write.1.tlog
E:\C++\Visual Studio\Ex3\Ex3-1\Ex3-1\Debug\link.1128-cvtres.read.1.tlog
E:\C++\Visual Studio\Ex3\Ex3-1\Ex3-1\Debug\link.3908-cvtres.write.1.tlog
E:\C++\Visual Studio\Ex3\Ex3-1\Ex3-1\Debug\link.read.1.tlog
E:\C++\Visual Studio\Ex3\Ex3-1\Ex3-1\Debug\link.3160.read.1.tlog
E:\C++\Visual Studio\Ex3\Ex3-1\Ex3-1\Debug\link.2440-cvtres.write.1.tlog
E:\C++\Visual Studio\Ex3\Ex3-1\Ex3-1\Debug\link.1128.write.1.tlog
E:\C++\Visual Studio\Ex3\Ex3-1\Ex3-1\Debug\link.184.read.1.tlog
E:\C++\Visual Studio\Ex3\Ex3-1\Ex3-1\Debug\link.2508-cvtres.write.1.tlog
E:\C++\Visual Studio\Ex3\Ex3-1\Ex3-1\Debug\link.184-cvtres.read.1.tlog
E:\C++\Visual Studio\Ex3\Ex3-1\Ex3-1\Debug\link.3792.read.1.tlog
E:\C++\Visual Studio\Ex3\Ex3-1\Ex3-1\Debug\link.1128-cvtres.write.1.tlog
E:\C++\Visual Studio\Ex3\Ex3-1\Ex3-1\Debug\link.2508.write.1.tlog
E:\C++\Visual Studio\Ex3\Ex3-1\Ex3-1\Debug\link.3792-cvtres.read.1.tlog
E:\C++\Visual Studio\Ex3\Ex3-1\Ex3-1\Debug\link.2508-rc.read.1.tlog
E:\C++\Visual Studio\Ex3\Ex3-1\Ex3-1\Debug\link.184.write.1.tlog
E:\C++\Visual Studio\Ex3\Ex3-1\Ex3-1\Debug\link.184-rc.write.1.tlog
E:\C++\Visual Studio\Ex3\Ex3-1\Ex3-1\Debug\link.3944-cvtres.write.1.tlog
E:\C++\Visual Studio\Ex3\Ex3-1\Ex3-1\Debug\link-cvtres.read.1.tlog
E:\C++\Visual Studio\Ex3\Ex3-1\Ex3-1\Debug\link.4060.write.1.tlog
E:\C++\Visual Studio\Ex3\Ex3-1\Ex3-1\Debug\link.3760-rc.read.1.tlog
E:\C++\Visual Studio\Ex3\Ex3-1\Ex3-1\Debug\link.3912-rc.write.1.tlog
E:\C++\Visual Studio\Ex3\Ex3-1\Ex3-1\Debug\link.3160.write.1.tlog
E:\C++\Visual Studio\Ex3\Ex3-1\Ex3-1\Debug\link.4060-rc.read.1.tlog
E:\C++\Visual Studio\Ex3\Ex3-1\Ex3-1\Debug\link.4060-rc.write.1.tlog
E:\C++\Visual Studio\Ex3\Ex3-1\Ex3-1\Debug\link.3944-cvtres.read.1.tlog
E:\C++\Visual Studio\Ex3\Ex3-1\Ex3-1\Debug\link.4052-rc.read.1.tlog
E:\C++\Visual Studio\Ex3\Ex3-1\Ex3-1\Debug\link.3612-rc.read.1.tlog
E:\C++\Visual Studio\Ex3\Ex3-1\Ex3-1\Debug\link.3612-cvtres.read.1.tlog
E:\C++\Visual Studio\Ex3\Ex3-1\Ex3-1\Debug\link.3912-cvtres.write.1.tlog
E:\C++\Visual Studio\Ex3\Ex3-1\Ex3-1\Debug\link.3760.write.1.tlog
E:\C++\Visual Studio\Ex3\Ex3-1\Ex3-1\Debug\link.1128-rc.read.1.tlog
E:\C++\Visual Studio\Ex3\Ex3-1\Ex3-1\Debug\link.3912.write.1.tlog
E:\C++\Visual Studio\Ex3\Ex3-1\Ex3-1\Debug\link.2440.read.1.tlog
E:\C++\Visual Studio\Ex3\Ex3-1\Ex3-1\Debug\link.4060.read.1.tlog
E:\C++\Visual Studio\Ex3\Ex3-1\Ex3-1\Debug\link.1128-rc.write.1.tlog
E:\C++\Visual Studio\Ex3\Ex3-1\Ex3-1\Debug\link.3160-cvtres.write.1.tlog
E:\C++\Visual Studio\Ex3\Ex3-1\Ex3-1\Debug\link.command.1.tlog
E:\C++\Visual Studio\Ex3\Ex3-1\Ex3-1\Debug\link.4060-cvtres.read.1.tlog
E:\C++\Visual Studio\Ex3\Ex3-1\Ex3-1\Debug\link.2440-rc.write.1.tlog
E:\C++\Visual Studio\Ex3\Ex3-1\Ex3-1\Debug\link-rc.read.1.tlog
E:\C++\Visual Studio\Ex3\Ex3-1\Ex3-1\Debug\link.2508.read.1.tlog
E:\C++\Visual Studio\Ex3\Ex3-1\Ex3-1\Debug\link.write.1.tlog
E:\C++\Visual Studio\Ex3\Ex3-1\Ex3-1\Debug\link.2508-rc.write.1.tlog
E:\C++\Visual Studio\Ex3\Ex3-1\Ex3-1\Debug\link.4052-cvtres.read.1.tlog
E:\C++\Visual Studio\Ex3\Ex3-1\Ex3-1\Debug\link.4060-cvtres.write.1.tlog
E:\C++\Visual Studio\Ex3\Ex3-1\Ex3-1\Debug\link.3912.read.1.tlog
E:\C++\Visual Studio\Ex3\Ex3-1\Ex3-1\Debug\link.2440.write.1.tlog
E:\C++\Visual Studio\Ex3\Ex3-1\Ex3-1\Debug\link.2508-cvtres.read.1.tlog
E:\C++\Visual Studio\Ex3\Ex3-1\Ex3-1\Debug\link.4052-rc.write.1.tlog
E:\C++\Visual Studio\Ex3\Ex3-1\Ex3-1\Debug\link.3760-cvtres.read.1.tlog
E:\C++\Visual Studio\Ex3\Ex3-1\Ex3-1\Debug\link.3908-cvtres.read.1.tlog
E:\C++\Visual Studio\Ex3\Ex3-1\Ex3-1\Debug\link.3912-cvtres.read.1.tlog
E:\C++\Visual Studio\Ex3\Ex3-1\Ex3-1\Debug\link.184-cvtres.write.1.tlog
E:\C++\Visual Studio\Ex3\Ex3-1\Ex3-1\Debug\link.3908.write.1.tlog
E:\C++\Visual Studio\Ex3\Ex3-1\Ex3-1\Debug\link.3792.write.1.tlog
E:\C++\Visual Studio\Ex3\Ex3-1\Ex3-1\Debug\link.3944-rc.read.1.tlog
E:\C++\Visual Studio\Ex3\Ex3-1\Ex3-1\Debug\link.3792-rc.write.1.tlog
E:\C++\Visual Studio\Ex3\Ex3-1\Ex3-1\Debug\link.3612.write.1.tlog
E:\C++\Visual Studio\Ex3\Ex3-1\Ex3-1\Debug\CL.write.1.tlog
E:\C++\Visual Studio\Ex3\Ex3-1\Ex3-1\Debug\link.3160-cvtres.read.1.tlog
E:\C++\Visual Studio\Ex3\Ex3-1\Ex3-1\Debug\link.3908-rc.write.1.tlog
E:\C++\Visual Studio\Ex3\Ex3-1\Ex3-1\Debug\link.3612-cvtres.write.1.tlog
E:\C++\Visual Studio\Ex3\Ex3-1\Ex3-1\Debug\link.3944.write.1.tlog
E:\C++\Visual Studio\Ex3\Ex3-1\Ex3-1\Debug\link.3160-rc.write.1.tlog
E:\C++\Visual Studio\Ex3\Ex3-1\Ex3-1\Debug\link.3760-cvtres.write.1.tlog
E:\C++\Visual Studio\Ex3\Ex3-1\Ex3-1\Debug\link.3792-rc.read.1.tlog
E:\C++\Visual Studio\Ex3\Ex3-1\Ex3-1\Debug\link.4052.read.1.tlog
E:\C++\Visual Studio\Ex3\Ex3-1\Ex3-1\Debug\link.3760-rc.write.1.tlog
E:\C++\Visual Studio\Ex3\Ex3-1\Ex3-1\Debug\cl.command.1.tlog
E:\C++\Visual Studio\Ex3\Ex3-1\Ex3-1\Debug\CL.read.1.tlog
E:\C++\Visual Studio\Ex3\Ex3-1\Ex3-1\Debug\link-cvtres.write.1.tlog
E:\C++\Visual Studio\Ex3\Ex3-1\Ex3-1\Debug\link.3912-rc.read.1.tlog
E:\C++\Visual Studio\Ex3\Ex3-1\Ex3-1\Debug\link.3908-rc.read.1.tlog
E:\C++\Visual Studio\Ex3\Ex3-1\Ex3-1\Debug\link.3792-cvtres.write.1.tlog
E:\C++\Visual Studio\Ex3\Ex3-1\Ex3-1\Debug\link.4052-cvtres.write.1.tlog
E:\C++\Visual Studio\Ex3\Ex3-1\Ex3-1\Debug\link.3908.read.1.tlog
E:\C++\Visual Studio\Ex3\Ex3-1\Ex3-1\Debug\link.3760.read.1.tlog
E:\C++\Visual Studio\Ex3\Ex3-1\Ex3-1\Debug\link.2440-rc.read.1.tlog
E:\C++\Visual Studio\Ex3\Ex3-1\Ex3-1\Debug\link.1128.read.1.tlog
E:\C++\Visual Studio\Ex3\Ex3-1\Ex3-1\Debug\link.3612-rc.write.1.tlog
E:\C++\Visual Studio\Ex3\Ex3-1\Ex3-1\Debug\link.4052.write.1.tlog
E:\C++\Visual Studio\Ex3\Ex3-1\Ex3-1\Debug\link.3944.read.1.tlog
E:\C++\Visual Studio\Ex3\Ex3-1\Ex3-1\Debug\link.3612.read.1.tlog
E:\C++\Visual Studio\Ex3\Ex3-1\Ex3-1\Debug\vc110.idb
E:\C++\Visual Studio\Ex3\Ex3-1\Ex3-1\Debug\vc110.pdb
E:\C++\Visual Studio\Ex3\Ex3-1\Debug\Ex3-1.pdb
